{
  "RSpec": {
    "coverage": {
      "/Users/chandracarney/turing/thirdmodule/projects/the_pivot/app/models/user.rb": [
        1,
        1,
        1,
        null,
        1,
        null,
        37,
        null,
        1,
        1,
        1,
        null,
        null,
        1,
        1,
        null,
        1,
        49,
        null,
        null
      ],
      "/Users/chandracarney/turing/thirdmodule/projects/the_pivot/app/helpers/address_helper.rb": [
        1,
        null
      ],
      "/Users/chandracarney/turing/thirdmodule/projects/the_pivot/app/helpers/application_helper.rb": [
        1,
        null
      ],
      "/Users/chandracarney/turing/thirdmodule/projects/the_pivot/app/helpers/orders_helper.rb": [
        1,
        null
      ],
      "/Users/chandracarney/turing/thirdmodule/projects/the_pivot/app/helpers/sessions_helper.rb": [
        1,
        1,
        0,
        null,
        null,
        1,
        29,
        null,
        null
      ],
      "/Users/chandracarney/turing/thirdmodule/projects/the_pivot/app/controllers/addresses_controller.rb": [
        1,
        1,
        1,
        1,
        null,
        1,
        0,
        null,
        null,
        1,
        null,
        null,
        1,
        2,
        null,
        null,
        1,
        null,
        null,
        1,
        3,
        3,
        3,
        1,
        null,
        2,
        2,
        null,
        null,
        null,
        1,
        5,
        5,
        6,
        null,
        4,
        null,
        null,
        null,
        null,
        1,
        1,
        1,
        2,
        null,
        null,
        null,
        1,
        null,
        1,
        8,
        null,
        null,
        1,
        8,
        null,
        null
      ],
      "/Users/chandracarney/turing/thirdmodule/projects/the_pivot/app/controllers/application_controller.rb": [
        1,
        null,
        null,
        1,
        null,
        1,
        null,
        1,
        null,
        1,
        null,
        1,
        null,
        1,
        null,
        1,
        275,
        null,
        null,
        1,
        12,
        5,
        null,
        null,
        null,
        1,
        132,
        null,
        null,
        1,
        null,
        1,
        0,
        0,
        0,
        null,
        0,
        null,
        0,
        null,
        null,
        1,
        132,
        null,
        null
      ],
      "/Users/chandracarney/turing/thirdmodule/projects/the_pivot/app/controllers/charges_controller.rb": [
        1,
        1,
        1,
        null,
        null,
        1,
        0,
        0,
        null,
        0,
        null,
        null,
        null,
        null,
        0,
        null,
        null,
        null,
        null,
        null,
        null,
        0,
        0,
        0,
        null,
        null,
        0,
        null,
        null,
        null
      ],
      "/Users/chandracarney/turing/thirdmodule/projects/the_pivot/app/controllers/orders_controller.rb": [
        1,
        1,
        1,
        1,
        null,
        null,
        null,
        1,
        1,
        null,
        null,
        1,
        0,
        null,
        null,
        1,
        2,
        1,
        1,
        null,
        1,
        1,
        null,
        null,
        null,
        1,
        null,
        null,
        1,
        1,
        1,
        1,
        1,
        1,
        1,
        1,
        1,
        1,
        null,
        0,
        0,
        null,
        null,
        null,
        1,
        null,
        1,
        0,
        0,
        null,
        null,
        1,
        1,
        null,
        null
      ],
      "/Users/chandracarney/turing/thirdmodule/projects/the_pivot/app/controllers/users_controller.rb": [
        1,
        1,
        1,
        1,
        null,
        1,
        2,
        null,
        null,
        1,
        2,
        null,
        null,
        1,
        6,
        6,
        4,
        4,
        null,
        2,
        2,
        null,
        null,
        null,
        1,
        20,
        null,
        null,
        1,
        null,
        null,
        1,
        2,
        2,
        2,
        null,
        2,
        null,
        null,
        null,
        null,
        1,
        1,
        1,
        2,
        null,
        null,
        null,
        1,
        null,
        1,
        29,
        29,
        null,
        null,
        1,
        8,
        null,
        null,
        null
      ],
      "/Users/chandracarney/turing/thirdmodule/projects/the_pivot/app/models/address.rb": [
        1,
        1,
        1,
        null,
        1,
        1,
        1,
        1,
        1,
        null,
        1,
        1,
        1,
        null,
        null,
        null,
        null
      ],
      "/Users/chandracarney/turing/thirdmodule/projects/the_pivot/app/models/category.rb": [
        1,
        1,
        1,
        null
      ],
      "/Users/chandracarney/turing/thirdmodule/projects/the_pivot/app/models/item.rb": [
        1,
        1,
        null,
        1,
        1,
        null,
        1,
        null,
        null,
        null,
        1,
        null,
        null,
        1,
        null,
        null,
        null,
        7,
        null,
        1,
        1,
        1,
        null,
        null,
        null,
        1,
        3,
        null,
        null,
        1,
        3,
        null,
        null
      ],
      "/Users/chandracarney/turing/thirdmodule/projects/the_pivot/app/models/order.rb": [
        1,
        1,
        1,
        null,
        1,
        null,
        1,
        1,
        null,
        1,
        null,
        1,
        0,
        null,
        null,
        1,
        0,
        null,
        null,
        1,
        0,
        null,
        null,
        1,
        0,
        null,
        null,
        1,
        0,
        null,
        null,
        1,
        1,
        null,
        null,
        1,
        1,
        null,
        null,
        1,
        1,
        null,
        null
      ],
      "/Users/chandracarney/turing/thirdmodule/projects/the_pivot/app/models/cart.rb": [
        1,
        1,
        null,
        1,
        132,
        null,
        null,
        1,
        0,
        0,
        null,
        null,
        1,
        0,
        null,
        null,
        1,
        0,
        null,
        null,
        1,
        71,
        null,
        null,
        1,
        4,
        null,
        null,
        1,
        1,
        null,
        null,
        1,
        0,
        null,
        null,
        1,
        1,
        null,
        null
      ],
      "/Users/chandracarney/turing/thirdmodule/projects/the_pivot/app/controllers/pages_controller.rb": [
        1,
        null
      ],
      "/Users/chandracarney/turing/thirdmodule/projects/the_pivot/app/controllers/sessions_controller.rb": [
        1,
        1,
        19,
        null,
        null,
        1,
        18,
        null,
        18,
        18,
        18,
        null,
        0,
        null,
        null,
        null,
        1,
        0,
        null,
        0,
        null,
        null,
        1,
        null,
        1,
        36,
        null,
        null
      ],
      "/Users/chandracarney/turing/thirdmodule/projects/the_pivot/app/controllers/cart_items_controller.rb": [
        1,
        1,
        0,
        0,
        0,
        0,
        0,
        null,
        null,
        1,
        2,
        null,
        null,
        1,
        0,
        0,
        0,
        null,
        null,
        1,
        0,
        0,
        0,
        null,
        null
      ],
      "/Users/chandracarney/turing/thirdmodule/projects/the_pivot/app/controllers/items_controller.rb": [
        1,
        1,
        1,
        null,
        1,
        3,
        3,
        null,
        null,
        1,
        null,
        null,
        1,
        null,
        null,
        1,
        1,
        null,
        null,
        1,
        1,
        1,
        1,
        null,
        0,
        0,
        null,
        null,
        null,
        1,
        0,
        0,
        0,
        null,
        0,
        null,
        null,
        null,
        null,
        1,
        null,
        1,
        1,
        null,
        null,
        1,
        1,
        null,
        null
      ]
    },
    "timestamp": 1418747457
  }
}
